<?xml version="1.0" encoding="UTF-8"?>
<testsuite name="com.fullcycle.admin.catalogo.application.category.update.UpdateCategorUseCaseTest" tests="5" skipped="0" failures="0" errors="0" timestamp="2023-12-21T13:29:21" hostname="GLAUBER-PC" time="0.066">
  <properties/>
  <testcase name="givenAValidInactivateCommand_whenCallUpdateCategory_shouldReturnInactiveCategoryId()" classname="com.fullcycle.admin.catalogo.application.category.update.UpdateCategorUseCaseTest" time="0.015"/>
  <testcase name="givenAValidCommand_whenCallUpdateCategory_shouldReturnCategoryId()" classname="com.fullcycle.admin.catalogo.application.category.update.UpdateCategorUseCaseTest" time="0.011"/>
  <testcase name="givenAValidCommand_whenGatewayThrowsRandomException_shouldThrowException()" classname="com.fullcycle.admin.catalogo.application.category.update.UpdateCategorUseCaseTest" time="0.01"/>
  <testcase name="givenAValidCommandWithInvalidID_whenCallUpdateCategory_shouldReturnNotFoundException()" classname="com.fullcycle.admin.catalogo.application.category.update.UpdateCategorUseCaseTest" time="0.012"/>
  <testcase name="givenAInvalidName_whenCallsUpdateCategory_thenShouldReturnDomainException()" classname="com.fullcycle.admin.catalogo.application.category.update.UpdateCategorUseCaseTest" time="0.009"/>
  <system-out><![CDATA[]]></system-out>
  <system-err><![CDATA[]]></system-err>
</testsuite>
