<?xml version="1.0" encoding="UTF-8"?>
<testsuite name="com.fullcycle.admin.catalogo.application.category.create.CreateCategoryUseCaseTest" tests="4" skipped="0" failures="0" errors="0" timestamp="2024-02-08T13:30:18" hostname="glauber-Aspire-A315-41" time="0.655">
  <properties/>
  <testcase name="givenAValidCommandWithInactiveCategory_whenCallCreateCategory_shouldReturnInactiveCategoryId()" classname="com.fullcycle.admin.catalogo.application.category.create.CreateCategoryUseCaseTest" time="0.632"/>
  <testcase name="givenAValidCommand_whenCallCreateCategory_shouldReturnCategoryId()" classname="com.fullcycle.admin.catalogo.application.category.create.CreateCategoryUseCaseTest" time="0.005"/>
  <testcase name="givenAValidCommand_whenGatewayThrowsRandomException_shouldThrowException()" classname="com.fullcycle.admin.catalogo.application.category.create.CreateCategoryUseCaseTest" time="0.008"/>
  <testcase name="givenAInvalidName_whenCallsCreateCategory_thenShouldReturnDomainException()" classname="com.fullcycle.admin.catalogo.application.category.create.CreateCategoryUseCaseTest" time="0.003"/>
  <system-out><![CDATA[]]></system-out>
  <system-err><![CDATA[]]></system-err>
</testsuite>
