<?xml version="1.0" encoding="UTF-8"?>
<testsuite name="com.fullcycle.admin.catalogo.application.genre.delete.DeleteGenreUseCaseTest" tests="3" skipped="0" failures="0" errors="0" timestamp="2024-02-08T13:30:18" hostname="glauber-Aspire-A315-41" time="0.015">
  <properties/>
  <testcase name="givenAValidGenreId_whenCallsDeleteGenre_shouldDeleteGenre()" classname="com.fullcycle.admin.catalogo.application.genre.delete.DeleteGenreUseCaseTest" time="0.005"/>
  <testcase name="givenAnInvalidGenreId_whenCallsDeleteGenre_shouldBeOk()" classname="com.fullcycle.admin.catalogo.application.genre.delete.DeleteGenreUseCaseTest" time="0.004"/>
  <testcase name="givenAValidGenreId_whenCallsDeleteGenreAndGatewayThrowsUnexpectedError_shouldReceiveException()" classname="com.fullcycle.admin.catalogo.application.genre.delete.DeleteGenreUseCaseTest" time="0.004"/>
  <system-out><![CDATA[]]></system-out>
  <system-err><![CDATA[]]></system-err>
</testsuite>
