<?xml version="1.0" encoding="UTF-8"?>
<testsuite name="com.fullcycle.admin.catalogo.application.category.delete.DeleteCategoryUseCaseTest" tests="3" skipped="0" failures="0" errors="0" timestamp="2023-12-21T13:29:21" hostname="GLAUBER-PC" time="0.045">
  <properties/>
  <testcase name="givenAValidId_whenCallsDeleteCategory_shouldBeOK()" classname="com.fullcycle.admin.catalogo.application.category.delete.DeleteCategoryUseCaseTest" time="0.02"/>
  <testcase name="givenAInvalidId_whenCallsDeleteCategory_shouldBeOK()" classname="com.fullcycle.admin.catalogo.application.category.delete.DeleteCategoryUseCaseTest" time="0.008"/>
  <testcase name="givenAValidId_whenGatewayThrowsException_shouldReturnException()" classname="com.fullcycle.admin.catalogo.application.category.delete.DeleteCategoryUseCaseTest" time="0.011"/>
  <system-out><![CDATA[]]></system-out>
  <system-err><![CDATA[]]></system-err>
</testsuite>
