<?xml version="1.0" encoding="UTF-8"?>
<testsuite name="com.fullcycle.admin.catalogo.application.genre.update.UpdateGenreUseCaseTest" tests="5" skipped="0" failures="0" errors="0" timestamp="2024-02-08T13:30:19" hostname="glauber-Aspire-A315-41" time="0.035">
  <properties/>
  <testcase name="givenAValidCommandWithCategories_whenCallsUpdateGenre_shouldReturnGenreId()" classname="com.fullcycle.admin.catalogo.application.genre.update.UpdateGenreUseCaseTest" time="0.009"/>
  <testcase name="givenAValidCommandWithInactiveGenre_whenCallsUpdateGenre_shouldReturnGenreId()" classname="com.fullcycle.admin.catalogo.application.genre.update.UpdateGenreUseCaseTest" time="0.005"/>
  <testcase name="givenAValidCommand_whenCallsUpdateGenre_shouldReturnGenreId()" classname="com.fullcycle.admin.catalogo.application.genre.update.UpdateGenreUseCaseTest" time="0.005"/>
  <testcase name="givenAnInvalidName_whenCallsUpdateGenreAndSomeCategoriesDoesNotExists_shouldReturnNotificationException()" classname="com.fullcycle.admin.catalogo.application.genre.update.UpdateGenreUseCaseTest" time="0.006"/>
  <testcase name="givenAnInvalidName_whenCallsUpdateGenre_shouldReturnNotificationException()" classname="com.fullcycle.admin.catalogo.application.genre.update.UpdateGenreUseCaseTest" time="0.004"/>
  <system-out><![CDATA[]]></system-out>
  <system-err><![CDATA[]]></system-err>
</testsuite>
