<?xml version="1.0" encoding="UTF-8"?>
<testsuite name="com.fullcycle.admin.catalogo.application.category.retrieve.list.ListCategoriesUseCaseTest" tests="3" skipped="0" failures="0" errors="0" timestamp="2024-02-08T13:30:18" hostname="glauber-Aspire-A315-41" time="0.048">
  <properties/>
  <testcase name="givenAValidQuery_whenHasNoResults_thenShouldReturnEmptyCategories()" classname="com.fullcycle.admin.catalogo.application.category.retrieve.list.ListCategoriesUseCaseTest" time="0.03"/>
  <testcase name="givenAValidQuery_whenCallsListCategories_thenShouldReturnCategories()" classname="com.fullcycle.admin.catalogo.application.category.retrieve.list.ListCategoriesUseCaseTest" time="0.012"/>
  <testcase name="givenAValidQuery_whenGatewayThrowsException_shouldReturnException()" classname="com.fullcycle.admin.catalogo.application.category.retrieve.list.ListCategoriesUseCaseTest" time="0.004"/>
  <system-out><![CDATA[]]></system-out>
  <system-err><![CDATA[]]></system-err>
</testsuite>
