<?xml version="1.0" encoding="UTF-8"?>
<testsuite name="com.fullcycle.admin.catalogo.application.category.retrieve.list.ListCategoriesUseCaseTest" tests="3" skipped="0" failures="0" errors="0" timestamp="2023-12-21T13:29:21" hostname="GLAUBER-PC" time="0.105">
  <properties/>
  <testcase name="givenAValidQuery_whenHasNoResults_thenShouldReturnEmptyCategories()" classname="com.fullcycle.admin.catalogo.application.category.retrieve.list.ListCategoriesUseCaseTest" time="0.061"/>
  <testcase name="givenAValidQuery_whenCallsListCategories_thenShouldReturnCategories()" classname="com.fullcycle.admin.catalogo.application.category.retrieve.list.ListCategoriesUseCaseTest" time="0.025"/>
  <testcase name="givenAValidQuery_whenGatewayThrowsException_shouldReturnException()" classname="com.fullcycle.admin.catalogo.application.category.retrieve.list.ListCategoriesUseCaseTest" time="0.014"/>
  <system-out><![CDATA[]]></system-out>
  <system-err><![CDATA[]]></system-err>
</testsuite>
