<?xml version="1.0" encoding="UTF-8"?>
<testsuite name="com.fullcycle.admin.catalogo.application.genre.retrieve.list.ListGenreUseCaseTest" tests="3" skipped="0" failures="0" errors="0" timestamp="2024-02-08T13:30:19" hostname="glauber-Aspire-A315-41" time="0.021">
  <properties/>
  <testcase name="givenAValidQuery_whenCallsListGenreAndResultIsEmpty_shouldReturnGenres()" classname="com.fullcycle.admin.catalogo.application.genre.retrieve.list.ListGenreUseCaseTest" time="0.004"/>
  <testcase name="givenAValidQuery_whenCallsListGenreAndGatewayThrowsRandomError_shouldReturnException()" classname="com.fullcycle.admin.catalogo.application.genre.retrieve.list.ListGenreUseCaseTest" time="0.003"/>
  <testcase name="givenAValidQuery_whenCallsListGenre_shouldReturnGenres()" classname="com.fullcycle.admin.catalogo.application.genre.retrieve.list.ListGenreUseCaseTest" time="0.012"/>
  <system-out><![CDATA[]]></system-out>
  <system-err><![CDATA[]]></system-err>
</testsuite>
