<?xml version="1.0" encoding="UTF-8"?>
<testsuite name="com.fullcycle.admin.catalogo.application.category.create.CreateCategoryUseCaseTest" tests="4" skipped="0" failures="0" errors="0" timestamp="2023-12-21T13:29:21" hostname="GLAUBER-PC" time="0.553">
  <properties/>
  <testcase name="givenAValidCommandWithInactiveCategory_whenCallCreateCategory_shouldReturnInactiveCategoryId()" classname="com.fullcycle.admin.catalogo.application.category.create.CreateCategoryUseCaseTest" time="0.503"/>
  <testcase name="givenAValidCommand_whenCallCreateCategory_shouldReturnCategoryId()" classname="com.fullcycle.admin.catalogo.application.category.create.CreateCategoryUseCaseTest" time="0.014"/>
  <testcase name="givenAValidCommand_whenGatewayThrowsRandomException_shouldThrowException()" classname="com.fullcycle.admin.catalogo.application.category.create.CreateCategoryUseCaseTest" time="0.02"/>
  <testcase name="givenAInvalidName_whenCallsCreateCategory_thenShouldReturnDomainException()" classname="com.fullcycle.admin.catalogo.application.category.create.CreateCategoryUseCaseTest" time="0.006"/>
  <system-out><![CDATA[]]></system-out>
  <system-err><![CDATA[]]></system-err>
</testsuite>
